<?xml version="1.0" encoding="UTF-8"?>
<testsuite xmlns:xsi="http://www.w3.org/2001/XMLSchema-instance" xsi:noNamespaceSchemaLocation="https://maven.apache.org/surefire/maven-surefire-plugin/xsd/surefire-test-report.xsd" version="3.0.2" name="com.projetovale.ProjetoValeApplicationTests" time="5.034" tests="1" errors="0" skipped="0" failures="0">
  <properties>
[...]
</properties>
  <testcase name="contextLoads" classname="com.projetovale.ProjetoValeApplicationTests" time="0.344">
    <system-out><![CDATA[08:14:38.292 [main] INFO org.springframework.test.context.support.AnnotationConfigContextLoaderUtils -- Could not detect default configuration classes for test class [com.projetovale.ProjetoValeApplicationTests]: ProjetoValeApplicationTests does not declare any static, non-private, non-final, nested classes annotated with @Configuration.
08:14:38.402 [main] INFO org.springframework.boot.test.context.SpringBootTestContextBootstrapper -- Found @SpringBootConfiguration com.projetovale.ProjetoValeApplication for test class com.projetovale.ProjetoValeApplicationTests

  .   ____          _            __ _ _
 /\\ / ___'_ __ _ _(_)_ __  __ _ \ \ \ \
( ( )\___ | '_ | '_| | '_ \/ _` | \ \ \ \
 \\/  ___)| |_)| | | | | || (_| |  ) ) ) )
  '  |____| .__|_| |_|_| |_\__, | / / / /
 =========|_|==============|___/=/_/_/_/

 :: Spring Boot ::                (v3.4.3)

2025-03-10T08:14:38.785-03:00  INFO 13720 --- [projeto-vale] [           main] c.p.ProjetoValeApplicationTests          : Starting ProjetoValeApplicationTests using Java 23.0.2 with PID 13720 (started by nmlyra in C:\Projetos\java\projeto-vale)
2025-03-10T08:14:38.785-03:00  INFO 13720 --- [projeto-vale] [           main] c.p.ProjetoValeApplicationTests          : No active profile set, falling back to 1 default profile: "default"
2025-03-10T08:14:39.451-03:00  INFO 13720 --- [projeto-vale] [           main] .s.d.r.c.RepositoryConfigurationDelegate : Bootstrapping Spring Data JPA repositories in DEFAULT mode.
2025-03-10T08:14:39.519-03:00  INFO 13720 --- [projeto-vale] [           main] .s.d.r.c.RepositoryConfigurationDelegate : Finished Spring Data repository scanning in 52 ms. Found 3 JPA repository interfaces.
2025-03-10T08:14:40.014-03:00  INFO 13720 --- [projeto-vale] [           main] o.hibernate.jpa.internal.util.LogHelper  : HHH000204: Processing PersistenceUnitInfo [name: default]
2025-03-10T08:14:40.094-03:00  INFO 13720 --- [projeto-vale] [           main] org.hibernate.Version                    : HHH000412: Hibernate ORM core version 6.6.8.Final
2025-03-10T08:14:40.127-03:00  INFO 13720 --- [projeto-vale] [           main] o.h.c.internal.RegionFactoryInitiator    : HHH000026: Second-level cache disabled
2025-03-10T08:14:40.465-03:00  INFO 13720 --- [projeto-vale] [           main] o.s.o.j.p.SpringPersistenceUnitInfo      : No LoadTimeWeaver setup: ignoring JPA class transformer
2025-03-10T08:14:40.487-03:00  INFO 13720 --- [projeto-vale] [           main] com.zaxxer.hikari.HikariDataSource       : HikariPool-1 - Starting...
2025-03-10T08:14:40.626-03:00  INFO 13720 --- [projeto-vale] [           main] com.zaxxer.hikari.pool.HikariPool        : HikariPool-1 - Added connection org.postgresql.jdbc.PgConnection@2dc21583
2025-03-10T08:14:40.626-03:00  INFO 13720 --- [projeto-vale] [           main] com.zaxxer.hikari.HikariDataSource       : HikariPool-1 - Start completed.
2025-03-10T08:14:40.658-03:00  WARN 13720 --- [projeto-vale] [           main] org.hibernate.orm.deprecation            : HHH90000025: PostgreSQLDialect does not need to be specified explicitly using 'hibernate.dialect' (remove the property setting and it will be selected by default)
2025-03-10T08:14:40.674-03:00  INFO 13720 --- [projeto-vale] [           main] org.hibernate.orm.connections.pooling    : HHH10001005: Database info:
	Database JDBC URL [Connecting through datasource 'HikariDataSource (HikariPool-1)']
	Database driver: undefined/unknown
	Database version: 17.2
	Autocommit mode: undefined/unknown
	Isolation level: undefined/unknown
	Minimum pool size: undefined/unknown
	Maximum pool size: undefined/unknown
2025-03-10T08:14:41.435-03:00  INFO 13720 --- [projeto-vale] [           main] o.h.e.t.j.p.i.JtaPlatformInitiator       : HHH000489: No JTA platform available (set 'hibernate.transaction.jta.platform' to enable JTA platform integration)
2025-03-10T08:14:41.596-03:00  INFO 13720 --- [projeto-vale] [           main] j.LocalContainerEntityManagerFactoryBean : Initialized JPA EntityManagerFactory for persistence unit 'default'
2025-03-10T08:14:41.937-03:00  WARN 13720 --- [projeto-vale] [           main] JpaBaseConfiguration$JpaWebConfiguration : spring.jpa.open-in-view is enabled by default. Therefore, database queries may be performed during view rendering. Explicitly configure spring.jpa.open-in-view to disable this warning
2025-03-10T08:14:41.968-03:00  WARN 13720 --- [projeto-vale] [           main] .s.s.UserDetailsServiceAutoConfiguration : 

Using generated security password: cb4526a3-aeff-4e2a-a239-b1bad6ad1865

This generated password is for development use only. Your security configuration must be updated before running your application in production.

2025-03-10T08:14:42.015-03:00  INFO 13720 --- [projeto-vale] [           main] r$InitializeUserDetailsManagerConfigurer : Global AuthenticationManager configured with UserDetailsService bean with name inMemoryUserDetailsManager
2025-03-10T08:14:42.820-03:00  INFO 13720 --- [projeto-vale] [           main] c.p.ProjetoValeApplicationTests          : Started ProjetoValeApplicationTests in 4.276 seconds (process running for 5.115)
]]></system-out>
    <system-err><![CDATA[Mockito is currently self-attaching to enable the inline-mock-maker. This will no longer work in future releases of the JDK. Please add Mockito as an agent to your build what is described in Mockito's documentation: https://javadoc.io/doc/org.mockito/mockito-core/latest/org/mockito/Mockito.html#0.3
WARNING: A Java agent has been loaded dynamically (C:\Users\nmlyra\.m2\repository\net\bytebuddy\byte-buddy-agent\1.15.11\byte-buddy-agent-1.15.11.jar)
WARNING: If a serviceability tool is in use, please run with -XX:+EnableDynamicAgentLoading to hide this warning
WARNING: If a serviceability tool is not in use, please run with -Djdk.instrument.traceUsage for more information
WARNING: Dynamic loading of agents will be disallowed by default in a future release
]]></system-err>
  </testcase>
</testsuite>